<?xml version="1.0" encoding="UTF-8"?>
<robot generator="Robot 3.2.2 (Python 3.7.0 on win32)" generated="20210305 10:58:25.430" rpa="false">
<suite id="s1" name="Testsuite" source="D:\Automation Testing\RobotProject1\Test\testsuite.robot">
<kw name="Log" library="BuiltIn" type="setup">
<doc>Logs the given message with the given level.</doc>
<arguments>
<arg>i am inside suite setup</arg>
</arguments>
<msg timestamp="20210305 10:58:25.902" level="INFO">i am inside suite setup</msg>
<status status="PASS" starttime="20210305 10:58:25.902" endtime="20210305 10:58:25.903"></status>
</kw>
<test id="s1-t1" name="MySecondTestCase">
<kw name="Log" library="BuiltIn" type="setup">
<doc>Logs the given message with the given level.</doc>
<arguments>
<arg>i am inside test setup</arg>
</arguments>
<msg timestamp="20210305 10:58:25.905" level="INFO">i am inside test setup</msg>
<status status="PASS" starttime="20210305 10:58:25.905" endtime="20210305 10:58:25.905"></status>
</kw>
<kw name="Log" library="BuiltIn">
<doc>Logs the given message with the given level.</doc>
<arguments>
<arg>Hello world</arg>
</arguments>
<msg timestamp="20210305 10:58:25.907" level="INFO">Hello world</msg>
<status status="PASS" starttime="20210305 10:58:25.906" endtime="20210305 10:58:25.907"></status>
</kw>
<kw name="Set Tags" library="BuiltIn">
<doc>Adds given ``tags`` for the current test or all tests in a suite.</doc>
<arguments>
<arg>regression1</arg>
</arguments>
<msg timestamp="20210305 10:58:25.909" level="INFO">Set tag 'regression1'.</msg>
<status status="PASS" starttime="20210305 10:58:25.908" endtime="20210305 10:58:25.909"></status>
</kw>
<kw name="Log" library="BuiltIn" type="teardown">
<doc>Logs the given message with the given level.</doc>
<arguments>
<arg>i am inside test teardown</arg>
</arguments>
<msg timestamp="20210305 10:58:25.911" level="INFO">i am inside test teardown</msg>
<status status="PASS" starttime="20210305 10:58:25.910" endtime="20210305 10:58:25.911"></status>
</kw>
<tags>
<tag>regression1</tag>
</tags>
<status status="PASS" starttime="20210305 10:58:25.903" endtime="20210305 10:58:25.912" critical="yes"></status>
</test>
<test id="s1-t2" name="MyThirdTestCase">
<kw name="Log" library="BuiltIn" type="setup">
<doc>Logs the given message with the given level.</doc>
<arguments>
<arg>i am inside test setup</arg>
</arguments>
<msg timestamp="20210305 10:58:25.916" level="INFO">i am inside test setup</msg>
<status status="PASS" starttime="20210305 10:58:25.915" endtime="20210305 10:58:25.916"></status>
</kw>
<kw name="Log" library="BuiltIn">
<doc>Logs the given message with the given level.</doc>
<arguments>
<arg>Hello world</arg>
</arguments>
<msg timestamp="20210305 10:58:25.917" level="INFO">Hello world</msg>
<status status="PASS" starttime="20210305 10:58:25.917" endtime="20210305 10:58:25.918"></status>
</kw>
<kw name="Set Tags" library="BuiltIn">
<doc>Adds given ``tags`` for the current test or all tests in a suite.</doc>
<arguments>
<arg>regression2</arg>
</arguments>
<msg timestamp="20210305 10:58:25.918" level="INFO">Set tag 'regression2'.</msg>
<status status="PASS" starttime="20210305 10:58:25.918" endtime="20210305 10:58:25.919"></status>
</kw>
<kw name="Log" library="BuiltIn" type="teardown">
<doc>Logs the given message with the given level.</doc>
<arguments>
<arg>i am inside test teardown</arg>
</arguments>
<msg timestamp="20210305 10:58:25.920" level="INFO">i am inside test teardown</msg>
<status status="PASS" starttime="20210305 10:58:25.919" endtime="20210305 10:58:25.920"></status>
</kw>
<tags>
<tag>regression2</tag>
</tags>
<status status="PASS" starttime="20210305 10:58:25.914" endtime="20210305 10:58:25.921" critical="yes"></status>
</test>
<kw name="Log" library="BuiltIn" type="teardown">
<doc>Logs the given message with the given level.</doc>
<arguments>
<arg>i am inside suite Teardown</arg>
</arguments>
<msg timestamp="20210305 10:58:25.924" level="INFO">i am inside suite Teardown</msg>
<status status="PASS" starttime="20210305 10:58:25.923" endtime="20210305 10:58:25.924"></status>
</kw>
<status status="PASS" starttime="20210305 10:58:25.434" endtime="20210305 10:58:25.924"></status>
</suite>
<statistics>
<total>
<stat pass="2" fail="0">Critical Tests</stat>
<stat pass="2" fail="0">All Tests</stat>
</total>
<tag>
<stat pass="1" fail="0">regression1</stat>
<stat pass="1" fail="0">regression2</stat>
</tag>
<suite>
<stat pass="2" fail="0" id="s1" name="Testsuite">Testsuite</stat>
</suite>
</statistics>
<errors>
</errors>
</robot>
